<?xml version="1.0" encoding="UTF-8"?>
<!-- Generated by org.testng.reporters.JUnitReportReporter -->
<testsuite hostname="DESKTOP-DMC4F8D" failures="0" tests="4" name="api.test.UserTests2" time="19.438" errors="0" timestamp="2023-06-27T10:55:35 MESZ" skipped="0">
  <testcase classname="api.test.UserTests2" name="testPostUser" time="15.659"/>
  <system-out/>
  <testcase classname="api.test.UserTests2" name="testGetUserByName" time="1.082"/>
  <system-out/>
  <testcase classname="api.test.UserTests2" name="testUpdateUserByName" time="1.881"/>
  <system-out/>
  <testcase classname="api.test.UserTests2" name="testDeleteUserByName" time="0.816"/>
  <system-out/>
</testsuite> <!-- api.test.UserTests2 -->
