<?xml version="1.0" encoding="UTF-8"?>
<!-- Generated by org.testng.reporters.JUnitReportReporter -->
<testsuite hostname="DESKTOP-DMC4F8D" failures="0" tests="4" name="api.test.UserTests" time="17.360" errors="0" timestamp="2023-06-26T11:50:15 MESZ" skipped="0">
  <testcase classname="api.test.UserTests" name="testPostUser" time="13.897"/>
  <system-out/>
  <testcase classname="api.test.UserTests" name="testGetUserByName" time="0.927"/>
  <system-out/>
  <testcase classname="api.test.UserTests" name="testUpdateUserByName" time="1.783"/>
  <system-out/>
  <testcase classname="api.test.UserTests" name="testDeleteUserByName" time="0.753"/>
  <system-out/>
</testsuite> <!-- api.test.UserTests -->
