<?xml version="1.0" encoding="UTF-8"?>
<!-- Generated by org.testng.reporters.JUnitReportReporter -->
<testsuite hostname="DESKTOP-DMC4F8D" failures="0" tests="6" name="api.test.DDTests" time="6.159" errors="0" timestamp="2023-06-26T11:11:10 MESZ" skipped="0">
  <testcase classname="api.test.DDTests" name="testPostuser" time="1.129"/>
  <system-out/>
  <testcase classname="api.test.DDTests" name="testPostuser" time="1.214"/>
  <system-out/>
  <testcase classname="api.test.DDTests" name="testPostuser" time="1.219"/>
  <system-out/>
  <testcase classname="api.test.DDTests" name="testDeleteUserByName" time="0.829"/>
  <system-out/>
  <testcase classname="api.test.DDTests" name="testDeleteUserByName" time="0.923"/>
  <system-out/>
  <testcase classname="api.test.DDTests" name="testDeleteUserByName" time="0.845"/>
  <system-out/>
</testsuite> <!-- api.test.DDTests -->
