<?xml version="1.0" encoding="UTF-8"?>
<!-- Generated by org.testng.reporters.JUnitReportReporter -->
<testsuite hostname="DESKTOP-DMC4F8D" failures="0" tests="4" name="api.test.UserTests2" time="28.200" errors="0" timestamp="2023-06-27T11:15:07 MESZ" skipped="0">
  <testcase classname="api.test.UserTests2" name="testPostUser" time="23.798"/>
  <system-out/>
  <testcase classname="api.test.UserTests2" name="testGetUserByName" time="1.475"/>
  <system-out/>
  <testcase classname="api.test.UserTests2" name="testUpdateUserByName" time="2.118"/>
  <system-out/>
  <testcase classname="api.test.UserTests2" name="testDeleteUserByName" time="0.809"/>
  <system-out/>
</testsuite> <!-- api.test.UserTests2 -->
